2015-06-13 21:41:13,956 [Worker-2] INFO  o.e.m.c.i.l.LifecycleMappingFactory - Using org.eclipse.m2e.jdt.JarLifecycleMapping lifecycle mapping for MavenProject: com.bloomz:testBloomz:0.0.1-SNAPSHOT @ /Users/Moolya21/Documents/BloomzTest/test-automation/testBloomz/pom.xml.
2015-06-13 21:41:20,586 [Worker-2] WARN  o.e.m.c.i.embedder.EclipseLogger - The POM for org.testng:testng:jar:5.14.3 is invalid, transitive dependencies (if any) will not be available, enable debug logging for more details
2015-06-13 21:41:27,430 [Worker-2] INFO  o.e.m.j.i.AbstractJavaProjectConfigurator - Adding source folder /testBloomz/src
2015-06-13 21:41:27,508 [Worker-2] INFO  o.e.m.j.i.AbstractJavaProjectConfigurator - Adding source folder /testBloomz/src/test/java
2015-06-13 21:41:27,509 [Worker-2] INFO  o.e.m.j.i.AbstractJavaProjectConfigurator - Resources folder /testBloomz/src/test/resources overlaps with sources folder /testBloomz/src/test/resources
2015-06-13 21:41:27,821 [Worker-9] INFO  o.e.m.c.i.l.LifecycleMappingFactory - Using org.eclipse.m2e.jdt.JarLifecycleMapping lifecycle mapping for MavenProject: com.bloomz:testBloomz:0.0.1-SNAPSHOT @ /Users/Moolya21/Documents/BloomzTest/test-automation/testBloomz/pom.xml.
2015-06-13 21:41:39,076 [Worker-9] WARN  o.e.m.c.i.embedder.EclipseLogger - The POM for org.testng:testng:jar:5.14.3 is invalid, transitive dependencies (if any) will not be available, enable debug logging for more details
2015-06-13 21:41:42,565 [Worker-5] WARN  o.e.m.c.i.embedder.EclipseLogger - The POM for org.testng:testng:jar:5.14.3 is invalid, transitive dependencies (if any) will not be available, enable debug logging for more details
2015-06-13 21:41:43,391 [Worker-5] INFO  o.e.m.c.i.embedder.EclipseLogger - Using 'UTF-8' encoding to copy filtered resources.
2015-06-13 21:41:43,391 [Worker-5] INFO  o.e.m.c.i.embedder.EclipseLogger - skip non existing resourceDirectory /Users/Moolya21/Documents/BloomzTest/test-automation/testBloomz/src/main/resources
2015-06-13 21:41:43,394 [Worker-5] INFO  o.e.m.c.i.embedder.EclipseLogger - Using 'UTF-8' encoding to copy filtered resources.
2015-06-13 21:41:43,403 [Worker-5] INFO  o.e.m.c.i.embedder.EclipseLogger - Copying 8 resources
2015-06-13 21:41:47,429 [Worker-4] WARN  o.e.m.c.i.embedder.EclipseLogger - The POM for org.testng:testng:jar:5.14.3 is invalid, transitive dependencies (if any) will not be available, enable debug logging for more details
2015-06-13 21:41:47,611 [Worker-4] INFO  o.e.m.c.i.embedder.EclipseLogger - Using 'UTF-8' encoding to copy filtered resources.
2015-06-13 21:41:47,611 [Worker-4] INFO  o.e.m.c.i.embedder.EclipseLogger - skip non existing resourceDirectory /Users/Moolya21/Documents/BloomzTest/test-automation/testBloomz/src/main/resources
2015-06-13 21:41:47,613 [Worker-4] INFO  o.e.m.c.i.embedder.EclipseLogger - Using 'UTF-8' encoding to copy filtered resources.
2015-06-13 21:41:47,635 [Worker-4] INFO  o.e.m.c.i.embedder.EclipseLogger - Copying 0 resource
2015-06-13 21:42:10,026 [Worker-5] INFO  o.e.m.c.i.embedder.EclipseLogger - Using 'UTF-8' encoding to copy filtered resources.
2015-06-13 21:42:10,043 [Worker-5] INFO  o.e.m.c.i.embedder.EclipseLogger - skip non existing resourceDirectory /Users/Moolya21/Documents/BloomzTest/test-automation/testBloomz/src/main/resources
2015-06-13 21:42:10,044 [Worker-5] INFO  o.e.m.c.i.embedder.EclipseLogger - Using 'UTF-8' encoding to copy filtered resources.
2015-06-13 21:42:10,045 [Worker-5] INFO  o.e.m.c.i.embedder.EclipseLogger - Copying 8 resources
2015-06-13 23:12:16,920 [Worker-26] INFO  o.e.m.c.i.embedder.EclipseLogger - Using 'UTF-8' encoding to copy filtered resources.
2015-06-13 23:12:16,928 [Worker-26] INFO  o.e.m.c.i.embedder.EclipseLogger - skip non existing resourceDirectory /Users/Moolya21/Documents/BloomzTest/test-automation/testBloomz/src/main/resources
2015-06-13 23:12:16,929 [Worker-26] INFO  o.e.m.c.i.embedder.EclipseLogger - Using 'UTF-8' encoding to copy filtered resources.
2015-06-13 23:12:17,533 [Worker-26] INFO  o.e.m.c.i.embedder.EclipseLogger - Copying 8 resources
2015-06-13 23:34:32,187 [Worker-30] INFO  o.e.m.c.i.embedder.EclipseLogger - Using 'UTF-8' encoding to copy filtered resources.
2015-06-13 23:34:32,216 [Worker-30] INFO  o.e.m.c.i.embedder.EclipseLogger - skip non existing resourceDirectory /Users/Moolya21/Documents/BloomzTest/test-automation/testBloomz/src/main/resources
2015-06-13 23:34:32,218 [Worker-30] INFO  o.e.m.c.i.embedder.EclipseLogger - Using 'UTF-8' encoding to copy filtered resources.
2015-06-13 23:34:32,244 [Worker-30] INFO  o.e.m.c.i.embedder.EclipseLogger - Copying 8 resources
2015-06-15 10:03:28,741 [Worker-11] INFO  o.e.m.c.i.l.LifecycleMappingFactory - Using org.eclipse.m2e.jdt.JarLifecycleMapping lifecycle mapping for MavenProject: com.bloomz:testBloomz:0.0.1-SNAPSHOT @ /Users/Moolya21/Documents/BloomzTest/test-automation/testBloomz/pom.xml.
2015-06-15 10:03:33,284 [Worker-11] WARN  o.e.m.c.i.embedder.EclipseLogger - The POM for org.testng:testng:jar:5.14.3 is invalid, transitive dependencies (if any) will not be available, enable debug logging for more details
2015-06-15 14:02:41,350 [Worker-32] WARN  o.e.m.c.i.embedder.EclipseLogger - The POM for org.testng:testng:jar:5.14.3 is invalid, transitive dependencies (if any) will not be available, enable debug logging for more details
2015-06-15 14:02:45,711 [Worker-32] INFO  o.e.m.c.i.embedder.EclipseLogger - Using 'UTF-8' encoding to copy filtered resources.
2015-06-15 14:02:45,711 [Worker-32] INFO  o.e.m.c.i.embedder.EclipseLogger - skip non existing resourceDirectory /Users/Moolya21/Documents/BloomzTest/test-automation/testBloomz/src/main/resources
2015-06-15 14:02:45,714 [Worker-32] INFO  o.e.m.c.i.embedder.EclipseLogger - Using 'UTF-8' encoding to copy filtered resources.
2015-06-15 14:02:45,754 [Worker-32] INFO  o.e.m.c.i.embedder.EclipseLogger - Copying 8 resources
2015-06-15 14:03:55,570 [Worker-32] INFO  o.e.m.c.i.embedder.EclipseLogger - Using 'UTF-8' encoding to copy filtered resources.
2015-06-15 14:03:55,570 [Worker-32] INFO  o.e.m.c.i.embedder.EclipseLogger - skip non existing resourceDirectory /Users/Moolya21/Documents/BloomzTest/test-automation/testBloomz/src/main/resources
2015-06-15 14:03:55,572 [Worker-32] INFO  o.e.m.c.i.embedder.EclipseLogger - Using 'UTF-8' encoding to copy filtered resources.
2015-06-15 14:03:55,655 [Worker-32] INFO  o.e.m.c.i.embedder.EclipseLogger - Copying 8 resources
2015-06-15 14:04:24,534 [Worker-31] INFO  o.e.m.c.i.embedder.EclipseLogger - Using 'UTF-8' encoding to copy filtered resources.
2015-06-15 14:04:24,534 [Worker-31] INFO  o.e.m.c.i.embedder.EclipseLogger - skip non existing resourceDirectory /Users/Moolya21/Documents/BloomzTest/test-automation/testBloomz/src/main/resources
2015-06-15 14:04:24,536 [Worker-31] INFO  o.e.m.c.i.embedder.EclipseLogger - Using 'UTF-8' encoding to copy filtered resources.
2015-06-15 14:04:24,537 [Worker-31] INFO  o.e.m.c.i.embedder.EclipseLogger - Copying 8 resources
2015-06-15 14:05:31,877 [Worker-31] INFO  o.e.m.c.i.embedder.EclipseLogger - Using 'UTF-8' encoding to copy filtered resources.
2015-06-15 14:05:31,907 [Worker-31] INFO  o.e.m.c.i.embedder.EclipseLogger - skip non existing resourceDirectory /Users/Moolya21/Documents/BloomzTest/test-automation/testBloomz/src/main/resources
2015-06-15 14:05:31,909 [Worker-31] INFO  o.e.m.c.i.embedder.EclipseLogger - Using 'UTF-8' encoding to copy filtered resources.
2015-06-15 14:05:31,935 [Worker-31] INFO  o.e.m.c.i.embedder.EclipseLogger - Copying 8 resources
2015-06-15 14:06:38,894 [Worker-40] INFO  o.e.m.c.i.embedder.EclipseLogger - Using 'UTF-8' encoding to copy filtered resources.
2015-06-15 14:06:38,905 [Worker-40] INFO  o.e.m.c.i.embedder.EclipseLogger - skip non existing resourceDirectory /Users/Moolya21/Documents/BloomzTest/test-automation/testBloomz/src/main/resources
2015-06-15 14:06:38,907 [Worker-40] INFO  o.e.m.c.i.embedder.EclipseLogger - Using 'UTF-8' encoding to copy filtered resources.
2015-06-15 14:06:38,908 [Worker-40] INFO  o.e.m.c.i.embedder.EclipseLogger - Copying 8 resources
2015-06-15 14:08:53,819 [Worker-38] INFO  o.e.m.c.i.embedder.EclipseLogger - Using 'UTF-8' encoding to copy filtered resources.
2015-06-15 14:08:53,847 [Worker-38] INFO  o.e.m.c.i.embedder.EclipseLogger - skip non existing resourceDirectory /Users/Moolya21/Documents/BloomzTest/test-automation/testBloomz/src/main/resources
2015-06-15 14:08:53,848 [Worker-38] INFO  o.e.m.c.i.embedder.EclipseLogger - Using 'UTF-8' encoding to copy filtered resources.
2015-06-15 14:08:53,874 [Worker-38] INFO  o.e.m.c.i.embedder.EclipseLogger - Copying 8 resources
2015-06-15 14:10:53,729 [Worker-33] INFO  o.e.m.c.i.embedder.EclipseLogger - Using 'UTF-8' encoding to copy filtered resources.
2015-06-15 14:10:53,729 [Worker-33] INFO  o.e.m.c.i.embedder.EclipseLogger - skip non existing resourceDirectory /Users/Moolya21/Documents/BloomzTest/test-automation/testBloomz/src/main/resources
2015-06-15 14:10:53,731 [Worker-33] INFO  o.e.m.c.i.embedder.EclipseLogger - Using 'UTF-8' encoding to copy filtered resources.
2015-06-15 14:10:53,735 [Worker-33] INFO  o.e.m.c.i.embedder.EclipseLogger - Copying 8 resources
2015-06-15 14:11:44,952 [Worker-40] INFO  o.e.m.c.i.embedder.EclipseLogger - Using 'UTF-8' encoding to copy filtered resources.
2015-06-15 14:11:44,952 [Worker-40] INFO  o.e.m.c.i.embedder.EclipseLogger - skip non existing resourceDirectory /Users/Moolya21/Documents/BloomzTest/test-automation/testBloomz/src/main/resources
2015-06-15 14:11:44,955 [Worker-40] INFO  o.e.m.c.i.embedder.EclipseLogger - Using 'UTF-8' encoding to copy filtered resources.
2015-06-15 14:11:44,956 [Worker-40] INFO  o.e.m.c.i.embedder.EclipseLogger - Copying 8 resources
2015-06-15 14:12:28,575 [Worker-33] INFO  o.e.m.c.i.e.AbstractTransferListenerAdapter - Downloading http://repo.maven.apache.org/maven2/org/apache/poi/poi/3.12/poi-3.12-sources.jar
2015-06-15 14:12:32,990 [Worker-33] INFO  o.e.m.c.i.e.AbstractTransferListenerAdapter - Downloaded http://repo.maven.apache.org/maven2/org/apache/poi/poi/3.12/poi-3.12-sources.jar
2015-06-15 14:12:33,147 [Worker-33] INFO  o.e.m.j.internal.DownloadSourcesJob - Downloaded sources for org.apache.poi:poi:3.12
2015-06-15 14:12:36,846 [Worker-39] INFO  o.e.m.c.i.embedder.EclipseLogger - Using 'UTF-8' encoding to copy filtered resources.
2015-06-15 14:12:36,846 [Worker-39] INFO  o.e.m.c.i.embedder.EclipseLogger - skip non existing resourceDirectory /Users/Moolya21/Documents/BloomzTest/test-automation/testBloomz/src/main/resources
2015-06-15 14:12:36,847 [Worker-39] INFO  o.e.m.c.i.embedder.EclipseLogger - Using 'UTF-8' encoding to copy filtered resources.
2015-06-15 14:12:36,849 [Worker-39] INFO  o.e.m.c.i.embedder.EclipseLogger - Copying 8 resources
2015-06-15 14:13:13,192 [Worker-38] INFO  o.e.m.c.i.embedder.EclipseLogger - Using 'UTF-8' encoding to copy filtered resources.
2015-06-15 14:13:13,193 [Worker-38] INFO  o.e.m.c.i.embedder.EclipseLogger - skip non existing resourceDirectory /Users/Moolya21/Documents/BloomzTest/test-automation/testBloomz/src/main/resources
2015-06-15 14:13:13,193 [Worker-38] INFO  o.e.m.c.i.embedder.EclipseLogger - Using 'UTF-8' encoding to copy filtered resources.
2015-06-15 14:13:13,194 [Worker-38] INFO  o.e.m.c.i.embedder.EclipseLogger - Copying 8 resources
2015-06-15 14:13:40,735 [Worker-39] INFO  o.e.m.c.i.embedder.EclipseLogger - Using 'UTF-8' encoding to copy filtered resources.
2015-06-15 14:13:40,735 [Worker-39] INFO  o.e.m.c.i.embedder.EclipseLogger - skip non existing resourceDirectory /Users/Moolya21/Documents/BloomzTest/test-automation/testBloomz/src/main/resources
2015-06-15 14:13:40,736 [Worker-39] INFO  o.e.m.c.i.embedder.EclipseLogger - Using 'UTF-8' encoding to copy filtered resources.
2015-06-15 14:13:40,737 [Worker-39] INFO  o.e.m.c.i.embedder.EclipseLogger - Copying 8 resources
2015-06-15 14:14:09,819 [Worker-33] INFO  o.e.m.c.i.embedder.EclipseLogger - Using 'UTF-8' encoding to copy filtered resources.
2015-06-15 14:14:09,819 [Worker-33] INFO  o.e.m.c.i.embedder.EclipseLogger - skip non existing resourceDirectory /Users/Moolya21/Documents/BloomzTest/test-automation/testBloomz/src/main/resources
2015-06-15 14:14:09,820 [Worker-33] INFO  o.e.m.c.i.embedder.EclipseLogger - Using 'UTF-8' encoding to copy filtered resources.
2015-06-15 14:14:09,821 [Worker-33] INFO  o.e.m.c.i.embedder.EclipseLogger - Copying 8 resources
2015-06-15 14:15:45,144 [Worker-41] INFO  o.e.m.c.i.embedder.EclipseLogger - Using 'UTF-8' encoding to copy filtered resources.
2015-06-15 14:15:45,171 [Worker-41] INFO  o.e.m.c.i.embedder.EclipseLogger - skip non existing resourceDirectory /Users/Moolya21/Documents/BloomzTest/test-automation/testBloomz/src/main/resources
2015-06-15 14:15:45,173 [Worker-41] INFO  o.e.m.c.i.embedder.EclipseLogger - Using 'UTF-8' encoding to copy filtered resources.
2015-06-15 14:15:45,199 [Worker-41] INFO  o.e.m.c.i.embedder.EclipseLogger - Copying 8 resources
2015-06-15 15:12:48,448 [Worker-40] INFO  o.e.m.i.launch.MavenLaunchDelegate - /Users/Moolya21/Documents/BloomzTest/test-automation/testBloomz
2015-06-15 15:12:48,468 [Worker-40] INFO  o.e.m.i.launch.MavenLaunchDelegate -  mvn  -B install
2015-06-15 15:21:12,061 [Worker-50] INFO  o.e.m.i.launch.MavenLaunchDelegate - /Users/Moolya21/Documents/BloomzTest/test-automation/testBloomz
2015-06-15 15:21:12,094 [Worker-50] INFO  o.e.m.i.launch.MavenLaunchDelegate -  mvn  -B install
2015-06-15 15:24:20,024 [Worker-51] INFO  o.e.m.i.launch.MavenLaunchDelegate - /Users/Moolya21/Documents/BloomzTest/test-automation/testBloomz
2015-06-15 15:24:20,042 [Worker-51] INFO  o.e.m.i.launch.MavenLaunchDelegate -  mvn  -B install
2015-06-15 15:26:12,790 [Worker-52] INFO  o.e.m.i.launch.MavenLaunchDelegate - /Users/Moolya21/Documents/BloomzTest/test-automation/testBloomz
2015-06-15 15:26:12,824 [Worker-52] INFO  o.e.m.i.launch.MavenLaunchDelegate -  mvn  -B install
2015-06-15 15:38:21,338 [Worker-55] INFO  o.e.m.i.launch.MavenLaunchDelegate - /Users/Moolya21/Documents/BloomzTest/test-automation/testBloomz
2015-06-15 15:38:21,371 [Worker-55] INFO  o.e.m.i.launch.MavenLaunchDelegate -  mvn  -B install
2015-06-15 15:45:32,298 [Worker-58] INFO  o.e.m.i.launch.MavenLaunchDelegate - /Users/Moolya21/Documents/BloomzTest/test-automation/testBloomz
2015-06-15 15:45:32,331 [Worker-58] INFO  o.e.m.i.launch.MavenLaunchDelegate -  mvn  -B install
2015-06-15 15:50:45,352 [Worker-60] INFO  o.e.m.i.launch.MavenLaunchDelegate - /Users/Moolya21/Documents/BloomzTest/test-automation/testBloomz
2015-06-15 15:50:45,397 [Worker-60] INFO  o.e.m.i.launch.MavenLaunchDelegate -  mvn  -B install
2015-06-15 15:53:25,674 [Worker-57] INFO  o.e.m.i.launch.MavenLaunchDelegate - /Users/Moolya21/Documents/BloomzTest/test-automation/testBloomz
2015-06-15 15:53:25,742 [Worker-57] INFO  o.e.m.i.launch.MavenLaunchDelegate -  mvn  -B install
2015-06-15 15:54:51,408 [Worker-58] INFO  o.e.m.i.launch.MavenLaunchDelegate - /Users/Moolya21/Documents/BloomzTest/test-automation/testBloomz
2015-06-15 15:54:51,432 [Worker-58] INFO  o.e.m.i.launch.MavenLaunchDelegate -  mvn  -B install
2015-06-15 16:42:08,397 [Worker-69] INFO  o.e.m.i.launch.MavenLaunchDelegate - /Users/Moolya21/Documents/BloomzTest/test-automation/testBloomz
2015-06-15 16:42:08,405 [Worker-69] INFO  o.e.m.i.launch.MavenLaunchDelegate -  mvn  -B install
2015-06-15 16:51:18,959 [Worker-74] INFO  o.e.m.i.launch.MavenLaunchDelegate - /Users/Moolya21/Documents/BloomzTest/test-automation/testBloomz
2015-06-15 16:51:18,982 [Worker-74] INFO  o.e.m.i.launch.MavenLaunchDelegate -  mvn  -B install
2015-06-15 16:59:48,623 [Worker-72] INFO  o.e.m.i.launch.MavenLaunchDelegate - /Users/Moolya21/Documents/BloomzTest/test-automation/testBloomz
2015-06-15 16:59:48,687 [Worker-72] INFO  o.e.m.i.launch.MavenLaunchDelegate -  mvn  -B install
2015-06-15 17:02:03,169 [Worker-77] INFO  o.e.m.i.launch.MavenLaunchDelegate - /Users/Moolya21/Documents/BloomzTest/test-automation/testBloomz
2015-06-15 17:02:03,195 [Worker-77] INFO  o.e.m.i.launch.MavenLaunchDelegate -  mvn  -B install
2015-06-15 19:20:43,358 [Worker-86] INFO  o.e.m.i.launch.MavenLaunchDelegate - /Users/Moolya21/Documents/BloomzTest/test-automation/testBloomz
2015-06-15 19:20:43,397 [Worker-86] INFO  o.e.m.i.launch.MavenLaunchDelegate -  mvn  -B install
2015-06-15 22:36:38,803 [Worker-18] WARN  o.e.m.c.i.embedder.EclipseLogger - The POM for org.testng:testng:jar:5.14.3 is invalid, transitive dependencies (if any) will not be available, enable debug logging for more details
2015-06-15 22:37:26,495 [Worker-11] WARN  o.e.m.c.i.embedder.EclipseLogger - The POM for org.testng:testng:jar:5.14.3 is invalid, transitive dependencies (if any) will not be available, enable debug logging for more details
2015-06-15 22:37:28,549 [Worker-14] INFO  o.e.m.c.i.l.LifecycleMappingFactory - Using org.eclipse.m2e.jdt.JarLifecycleMapping lifecycle mapping for MavenProject: com.bloomz:testBloomz:0.0.1-SNAPSHOT @ /Users/Moolya21/Documents/BloomzTest/test-automation/testBloomz/pom.xml.
2015-06-15 22:37:30,180 [Worker-14] WARN  o.e.m.c.i.embedder.EclipseLogger - The POM for org.testng:testng:jar:5.14.3 is invalid, transitive dependencies (if any) will not be available, enable debug logging for more details
2015-06-15 22:37:33,678 [Worker-11] INFO  o.e.m.c.i.e.AbstractTransferListenerAdapter - Downloading http://repo.maven.apache.org/maven2/com/testdroid/testdroid-api/1.4.8/testdroid-api-1.4.8.pom
2015-06-15 22:37:34,463 [Worker-11] INFO  o.e.m.c.i.e.AbstractTransferListenerAdapter - Downloaded http://repo.maven.apache.org/maven2/com/testdroid/testdroid-api/1.4.8/testdroid-api-1.4.8.pom
2015-06-15 22:37:34,998 [Worker-11] INFO  o.e.m.c.i.e.AbstractTransferListenerAdapter - Downloading http://repo.maven.apache.org/maven2/net/sf/json-lib/json-lib/2.4/json-lib-2.4.pom
2015-06-15 22:37:36,225 [Worker-11] INFO  o.e.m.c.i.e.AbstractTransferListenerAdapter - Downloaded http://repo.maven.apache.org/maven2/net/sf/json-lib/json-lib/2.4/json-lib-2.4.pom
2015-06-15 22:37:37,655 [Worker-11] INFO  o.e.m.c.i.e.AbstractTransferListenerAdapter - Downloading http://repo.maven.apache.org/maven2/org/apache/httpcomponents/httpclient/4.2.5/httpclient-4.2.5.pom
2015-06-15 22:37:43,185 [Worker-11] INFO  o.e.m.c.i.e.AbstractTransferListenerAdapter - Downloaded http://repo.maven.apache.org/maven2/org/apache/httpcomponents/httpclient/4.2.5/httpclient-4.2.5.pom
2015-06-15 22:37:45,681 [Worker-11] INFO  o.e.m.c.i.e.AbstractTransferListenerAdapter - Downloading http://repo.maven.apache.org/maven2/org/apache/httpcomponents/httpcomponents-client/4.2.5/httpcomponents-client-4.2.5.pom
2015-06-15 22:37:50,337 [Worker-11] INFO  o.e.m.c.i.e.AbstractTransferListenerAdapter - Downloaded http://repo.maven.apache.org/maven2/org/apache/httpcomponents/httpcomponents-client/4.2.5/httpcomponents-client-4.2.5.pom
2015-06-15 22:37:51,916 [Worker-14] INFO  o.e.m.c.i.e.AbstractTransferListenerAdapter - Downloading http://repo.maven.apache.org/maven2/org/apache/httpcomponents/httpcore/4.2.4/httpcore-4.2.4.pom
2015-06-15 22:37:53,417 [Worker-14] INFO  o.e.m.c.i.e.AbstractTransferListenerAdapter - Downloaded http://repo.maven.apache.org/maven2/org/apache/httpcomponents/httpcore/4.2.4/httpcore-4.2.4.pom
2015-06-15 22:37:53,681 [Worker-14] INFO  o.e.m.c.i.e.AbstractTransferListenerAdapter - Downloading http://repo.maven.apache.org/maven2/org/apache/httpcomponents/httpcomponents-core/4.2.4/httpcomponents-core-4.2.4.pom
2015-06-15 22:37:54,281 [Worker-14] INFO  o.e.m.c.i.e.AbstractTransferListenerAdapter - Downloaded http://repo.maven.apache.org/maven2/org/apache/httpcomponents/httpcomponents-core/4.2.4/httpcomponents-core-4.2.4.pom
2015-06-15 22:37:54,594 [Worker-14] INFO  o.e.m.c.i.e.AbstractTransferListenerAdapter - Downloading http://repo.maven.apache.org/maven2/com/google/oauth-client/google-oauth-client/1.15.0-rc/google-oauth-client-1.15.0-rc.pom
2015-06-15 22:37:55,325 [Worker-14] INFO  o.e.m.c.i.e.AbstractTransferListenerAdapter - Downloaded http://repo.maven.apache.org/maven2/com/google/oauth-client/google-oauth-client/1.15.0-rc/google-oauth-client-1.15.0-rc.pom
2015-06-15 22:37:55,586 [Worker-14] INFO  o.e.m.c.i.e.AbstractTransferListenerAdapter - Downloading http://repo.maven.apache.org/maven2/com/google/oauth-client/google-oauth-client-parent/1.15.0-rc/google-oauth-client-parent-1.15.0-rc.pom
2015-06-15 22:37:57,440 [Worker-14] INFO  o.e.m.c.i.e.AbstractTransferListenerAdapter - Downloaded http://repo.maven.apache.org/maven2/com/google/oauth-client/google-oauth-client-parent/1.15.0-rc/google-oauth-client-parent-1.15.0-rc.pom
2015-06-15 22:37:58,072 [Worker-14] INFO  o.e.m.c.i.e.AbstractTransferListenerAdapter - Downloading http://repo.maven.apache.org/maven2/com/google/http-client/google-http-client/1.15.0-rc/google-http-client-1.15.0-rc.pom
2015-06-15 22:37:58,617 [Worker-14] INFO  o.e.m.c.i.e.AbstractTransferListenerAdapter - Downloaded http://repo.maven.apache.org/maven2/com/google/http-client/google-http-client/1.15.0-rc/google-http-client-1.15.0-rc.pom
2015-06-15 22:37:58,896 [Worker-14] INFO  o.e.m.c.i.e.AbstractTransferListenerAdapter - Downloading http://repo.maven.apache.org/maven2/com/google/http-client/google-http-client-parent/1.15.0-rc/google-http-client-parent-1.15.0-rc.pom
2015-06-15 22:37:59,608 [Worker-14] INFO  o.e.m.c.i.e.AbstractTransferListenerAdapter - Downloaded http://repo.maven.apache.org/maven2/com/google/http-client/google-http-client-parent/1.15.0-rc/google-http-client-parent-1.15.0-rc.pom
2015-06-15 22:38:00,247 [Worker-11] INFO  o.e.m.c.i.e.AbstractTransferListenerAdapter - Downloading http://repo.maven.apache.org/maven2/com/google/api-client/google-api-client/1.15.0-rc/google-api-client-1.15.0-rc.pom
2015-06-15 22:38:00,900 [Worker-11] INFO  o.e.m.c.i.e.AbstractTransferListenerAdapter - Downloaded http://repo.maven.apache.org/maven2/com/google/api-client/google-api-client/1.15.0-rc/google-api-client-1.15.0-rc.pom
2015-06-15 22:38:01,219 [Worker-11] INFO  o.e.m.c.i.e.AbstractTransferListenerAdapter - Downloading http://repo.maven.apache.org/maven2/com/google/api-client/google-api-client-parent/1.15.0-rc/google-api-client-parent-1.15.0-rc.pom
2015-06-15 22:38:02,918 [Worker-11] INFO  o.e.m.c.i.e.AbstractTransferListenerAdapter - Downloaded http://repo.maven.apache.org/maven2/com/google/api-client/google-api-client-parent/1.15.0-rc/google-api-client-parent-1.15.0-rc.pom
2015-06-15 22:38:03,283 [Worker-11] INFO  o.e.m.c.i.e.AbstractTransferListenerAdapter - Downloading http://repo.maven.apache.org/maven2/commons-codec/commons-codec/1.5/commons-codec-1.5.pom
2015-06-15 22:38:03,836 [Worker-11] INFO  o.e.m.c.i.e.AbstractTransferListenerAdapter - Downloaded http://repo.maven.apache.org/maven2/commons-codec/commons-codec/1.5/commons-codec-1.5.pom
2015-06-15 22:38:04,102 [Worker-11] INFO  o.e.m.c.i.e.AbstractTransferListenerAdapter - Downloading http://repo.maven.apache.org/maven2/org/apache/commons/commons-parent/20/commons-parent-20.pom
2015-06-15 22:38:04,967 [Worker-11] INFO  o.e.m.c.i.e.AbstractTransferListenerAdapter - Downloaded http://repo.maven.apache.org/maven2/org/apache/commons/commons-parent/20/commons-parent-20.pom
2015-06-15 22:38:05,296 [Worker-11] INFO  o.e.m.c.i.e.AbstractTransferListenerAdapter - Downloading http://repo.maven.apache.org/maven2/javax/xml/stream/stax-api/1.0-2/stax-api-1.0-2.pom
2015-06-15 22:38:05,972 [Worker-11] INFO  o.e.m.c.i.e.AbstractTransferListenerAdapter - Downloaded http://repo.maven.apache.org/maven2/javax/xml/stream/stax-api/1.0-2/stax-api-1.0-2.pom
2015-06-15 22:38:07,082 [Worker-11] INFO  o.e.m.c.i.e.AbstractTransferListenerAdapter - Downloading http://repo.maven.apache.org/maven2/commons-io/commons-io/2.1/commons-io-2.1.pom
2015-06-15 22:38:07,628 [Worker-11] INFO  o.e.m.c.i.e.AbstractTransferListenerAdapter - Downloaded http://repo.maven.apache.org/maven2/commons-io/commons-io/2.1/commons-io-2.1.pom
2015-06-15 22:38:07,937 [Worker-11] INFO  o.e.m.c.i.e.AbstractTransferListenerAdapter - Downloading http://repo.maven.apache.org/maven2/org/codehaus/jackson/jackson-core-asl/1.9.7/jackson-core-asl-1.9.7.pom
2015-06-15 22:38:08,721 [Worker-11] INFO  o.e.m.c.i.e.AbstractTransferListenerAdapter - Downloaded http://repo.maven.apache.org/maven2/org/codehaus/jackson/jackson-core-asl/1.9.7/jackson-core-asl-1.9.7.pom
2015-06-15 22:38:09,135 [Worker-11] INFO  o.e.m.c.i.e.AbstractTransferListenerAdapter - Downloading http://repo.maven.apache.org/maven2/org/codehaus/jackson/jackson-mapper-asl/1.9.7/jackson-mapper-asl-1.9.7.pom
2015-06-15 22:38:09,831 [Worker-11] INFO  o.e.m.c.i.e.AbstractTransferListenerAdapter - Downloaded http://repo.maven.apache.org/maven2/org/codehaus/jackson/jackson-mapper-asl/1.9.7/jackson-mapper-asl-1.9.7.pom
2015-06-15 22:38:10,191 [Worker-11] INFO  o.e.m.c.i.e.AbstractTransferListenerAdapter - Downloading http://repo.maven.apache.org/maven2/com/google/http-client/google-http-client-jackson2/1.15.0-rc/google-http-client-jackson2-1.15.0-rc.pom
2015-06-15 22:38:11,190 [Worker-11] INFO  o.e.m.c.i.e.AbstractTransferListenerAdapter - Downloaded http://repo.maven.apache.org/maven2/com/google/http-client/google-http-client-jackson2/1.15.0-rc/google-http-client-jackson2-1.15.0-rc.pom
2015-06-15 22:38:12,177 [Worker-11] INFO  o.e.m.c.i.e.AbstractTransferListenerAdapter - Downloading http://repo.maven.apache.org/maven2/com/fasterxml/jackson/core/jackson-core/2.1.3/jackson-core-2.1.3.pom
2015-06-15 22:38:15,479 [Worker-11] INFO  o.e.m.c.i.e.AbstractTransferListenerAdapter - Downloaded http://repo.maven.apache.org/maven2/com/fasterxml/jackson/core/jackson-core/2.1.3/jackson-core-2.1.3.pom
2015-06-15 22:38:16,366 [Worker-11] INFO  o.e.m.c.i.e.AbstractTransferListenerAdapter - Downloading http://repo.maven.apache.org/maven2/com/fasterxml/oss-parent/4/oss-parent-4.pom
2015-06-15 22:38:17,468 [Worker-11] INFO  o.e.m.c.i.e.AbstractTransferListenerAdapter - Downloaded http://repo.maven.apache.org/maven2/com/fasterxml/oss-parent/4/oss-parent-4.pom
2015-06-15 22:38:19,130 [Worker-11] INFO  o.e.m.c.i.e.AbstractTransferListenerAdapter - Downloading http://repo.maven.apache.org/maven2/com/testdroid/testdroid-api/1.4.8/testdroid-api-1.4.8.jar
2015-06-15 22:38:38,540 [Worker-11] INFO  o.e.m.c.i.e.AbstractTransferListenerAdapter - Downloaded http://repo.maven.apache.org/maven2/com/testdroid/testdroid-api/1.4.8/testdroid-api-1.4.8.jar
2015-06-15 22:38:38,829 [Worker-11] INFO  o.e.m.c.i.e.AbstractTransferListenerAdapter - Downloading http://repo.maven.apache.org/maven2/net/sf/json-lib/json-lib/2.4/json-lib-2.4-jdk15.jar
2015-06-15 22:38:39,473 [Worker-11] INFO  o.e.m.c.i.e.AbstractTransferListenerAdapter - Downloaded http://repo.maven.apache.org/maven2/net/sf/json-lib/json-lib/2.4/json-lib-2.4-jdk15.jar
2015-06-15 22:38:39,725 [Worker-11] INFO  o.e.m.c.i.e.AbstractTransferListenerAdapter - Downloading http://repo.maven.apache.org/maven2/com/google/oauth-client/google-oauth-client/1.15.0-rc/google-oauth-client-1.15.0-rc.jar
2015-06-15 22:38:40,304 [Worker-11] INFO  o.e.m.c.i.e.AbstractTransferListenerAdapter - Downloaded http://repo.maven.apache.org/maven2/com/google/oauth-client/google-oauth-client/1.15.0-rc/google-oauth-client-1.15.0-rc.jar
2015-06-15 22:38:40,603 [Worker-11] INFO  o.e.m.c.i.e.AbstractTransferListenerAdapter - Downloading http://repo.maven.apache.org/maven2/com/google/api-client/google-api-client/1.15.0-rc/google-api-client-1.15.0-rc.jar
2015-06-15 22:38:41,356 [Worker-11] INFO  o.e.m.c.i.e.AbstractTransferListenerAdapter - Downloaded http://repo.maven.apache.org/maven2/com/google/api-client/google-api-client/1.15.0-rc/google-api-client-1.15.0-rc.jar
2015-06-15 22:38:41,640 [Worker-11] INFO  o.e.m.c.i.e.AbstractTransferListenerAdapter - Downloading http://repo.maven.apache.org/maven2/javax/xml/stream/stax-api/1.0-2/stax-api-1.0-2.jar
2015-06-15 22:38:42,178 [Worker-11] INFO  o.e.m.c.i.e.AbstractTransferListenerAdapter - Downloaded http://repo.maven.apache.org/maven2/javax/xml/stream/stax-api/1.0-2/stax-api-1.0-2.jar
2015-06-15 22:38:43,060 [Worker-11] INFO  o.e.m.c.i.e.AbstractTransferListenerAdapter - Downloading http://repo.maven.apache.org/maven2/commons-io/commons-io/2.1/commons-io-2.1.jar
2015-06-15 22:38:43,676 [Worker-11] INFO  o.e.m.c.i.e.AbstractTransferListenerAdapter - Downloaded http://repo.maven.apache.org/maven2/commons-io/commons-io/2.1/commons-io-2.1.jar
2015-06-15 22:38:43,925 [Worker-11] INFO  o.e.m.c.i.e.AbstractTransferListenerAdapter - Downloading http://repo.maven.apache.org/maven2/org/codehaus/jackson/jackson-core-asl/1.9.7/jackson-core-asl-1.9.7.jar
2015-06-15 22:38:44,576 [Worker-11] INFO  o.e.m.c.i.e.AbstractTransferListenerAdapter - Downloaded http://repo.maven.apache.org/maven2/org/codehaus/jackson/jackson-core-asl/1.9.7/jackson-core-asl-1.9.7.jar
2015-06-15 22:38:44,849 [Worker-11] INFO  o.e.m.c.i.e.AbstractTransferListenerAdapter - Downloading http://repo.maven.apache.org/maven2/org/codehaus/jackson/jackson-mapper-asl/1.9.7/jackson-mapper-asl-1.9.7.jar
2015-06-15 22:38:45,998 [Worker-11] INFO  o.e.m.c.i.e.AbstractTransferListenerAdapter - Downloaded http://repo.maven.apache.org/maven2/org/codehaus/jackson/jackson-mapper-asl/1.9.7/jackson-mapper-asl-1.9.7.jar
2015-06-15 22:38:46,320 [Worker-11] INFO  o.e.m.c.i.e.AbstractTransferListenerAdapter - Downloading http://repo.maven.apache.org/maven2/com/google/http-client/google-http-client-jackson2/1.15.0-rc/google-http-client-jackson2-1.15.0-rc.jar
2015-06-15 22:38:46,986 [Worker-11] INFO  o.e.m.c.i.e.AbstractTransferListenerAdapter - Downloaded http://repo.maven.apache.org/maven2/com/google/http-client/google-http-client-jackson2/1.15.0-rc/google-http-client-jackson2-1.15.0-rc.jar
2015-06-15 22:38:47,242 [Worker-11] INFO  o.e.m.c.i.e.AbstractTransferListenerAdapter - Downloading http://repo.maven.apache.org/maven2/com/google/http-client/google-http-client/1.15.0-rc/google-http-client-1.15.0-rc.jar
2015-06-15 22:38:47,968 [Worker-11] INFO  o.e.m.c.i.e.AbstractTransferListenerAdapter - Downloaded http://repo.maven.apache.org/maven2/com/google/http-client/google-http-client/1.15.0-rc/google-http-client-1.15.0-rc.jar
2015-06-15 22:38:48,232 [Worker-11] INFO  o.e.m.c.i.e.AbstractTransferListenerAdapter - Downloading http://repo.maven.apache.org/maven2/com/fasterxml/jackson/core/jackson-core/2.1.3/jackson-core-2.1.3.jar
2015-06-15 22:38:48,975 [Worker-11] INFO  o.e.m.c.i.e.AbstractTransferListenerAdapter - Downloaded http://repo.maven.apache.org/maven2/com/fasterxml/jackson/core/jackson-core/2.1.3/jackson-core-2.1.3.jar
2015-06-15 22:38:59,041 [Worker-19] INFO  o.e.m.c.i.l.LifecycleMappingFactory - Using org.eclipse.m2e.jdt.JarLifecycleMapping lifecycle mapping for MavenProject: com.bloomz:testBloomz:0.0.1-SNAPSHOT @ /Users/Moolya21/Documents/BloomzTest/test-automation/testBloomz/pom.xml.
2015-06-15 22:39:02,918 [Worker-19] WARN  o.e.m.c.i.embedder.EclipseLogger - The POM for org.testng:testng:jar:5.14.3 is invalid, transitive dependencies (if any) will not be available, enable debug logging for more details
2015-06-15 22:39:06,240 [Worker-19] INFO  o.e.m.c.i.e.AbstractTransferListenerAdapter - Downloading http://repo.maven.apache.org/maven2/com/google/http-client/google-http-client/1.18.0-rc/google-http-client-1.18.0-rc.pom
2015-06-15 22:39:06,906 [Worker-19] INFO  o.e.m.c.i.e.AbstractTransferListenerAdapter - Downloaded http://repo.maven.apache.org/maven2/com/google/http-client/google-http-client/1.18.0-rc/google-http-client-1.18.0-rc.pom
2015-06-15 22:39:07,173 [Worker-19] INFO  o.e.m.c.i.e.AbstractTransferListenerAdapter - Downloading http://repo.maven.apache.org/maven2/com/google/http-client/google-http-client-parent/1.18.0-rc/google-http-client-parent-1.18.0-rc.pom
2015-06-15 22:39:07,709 [Worker-19] INFO  o.e.m.c.i.e.AbstractTransferListenerAdapter - Downloaded http://repo.maven.apache.org/maven2/com/google/http-client/google-http-client-parent/1.18.0-rc/google-http-client-parent-1.18.0-rc.pom
2015-06-15 22:39:08,056 [Worker-19] INFO  o.e.m.c.i.e.AbstractTransferListenerAdapter - Downloading http://repo.maven.apache.org/maven2/com/googlecode/json-simple/json-simple/1.1/json-simple-1.1.pom
2015-06-15 22:39:08,583 [Worker-19] INFO  o.e.m.c.i.e.AbstractTransferListenerAdapter - Downloaded http://repo.maven.apache.org/maven2/com/googlecode/json-simple/json-simple/1.1/json-simple-1.1.pom
2015-06-15 22:39:09,257 [Worker-19] INFO  o.e.m.c.i.e.AbstractTransferListenerAdapter - Downloading http://repo.maven.apache.org/maven2/com/google/http-client/google-http-client/1.18.0-rc/google-http-client-1.18.0-rc.jar
2015-06-15 22:39:10,001 [Worker-19] INFO  o.e.m.c.i.e.AbstractTransferListenerAdapter - Downloaded http://repo.maven.apache.org/maven2/com/google/http-client/google-http-client/1.18.0-rc/google-http-client-1.18.0-rc.jar
2015-06-15 22:39:10,252 [Worker-19] INFO  o.e.m.c.i.e.AbstractTransferListenerAdapter - Downloading http://repo.maven.apache.org/maven2/com/googlecode/json-simple/json-simple/1.1/json-simple-1.1.jar
2015-06-15 22:39:10,801 [Worker-19] INFO  o.e.m.c.i.e.AbstractTransferListenerAdapter - Downloaded http://repo.maven.apache.org/maven2/com/googlecode/json-simple/json-simple/1.1/json-simple-1.1.jar
2015-06-15 22:51:48,684 [Worker-21] INFO  o.e.m.i.launch.MavenLaunchDelegate - /Users/Moolya21/Documents/BloomzTest/test-automation/testBloomz
2015-06-15 22:51:48,694 [Worker-21] INFO  o.e.m.i.launch.MavenLaunchDelegate -  mvn  -B install
2015-06-15 22:55:34,323 [Worker-21] INFO  o.e.m.i.launch.MavenLaunchDelegate - /Users/Moolya21/Documents/BloomzTest/test-automation/testBloomz
2015-06-15 22:55:34,347 [Worker-21] INFO  o.e.m.i.launch.MavenLaunchDelegate -  mvn  -B install
2015-06-16 12:54:30,737 [Worker-50] INFO  o.e.m.i.launch.MavenLaunchDelegate - /Users/Moolya21/Documents/BloomzTest/test-automation/testBloomz
2015-06-16 12:54:30,768 [Worker-50] INFO  o.e.m.i.launch.MavenLaunchDelegate -  mvn  -B install
2015-06-16 12:55:38,288 [Worker-58] INFO  o.e.m.i.launch.MavenLaunchDelegate - /Users/Moolya21/Documents/BloomzTest/test-automation/testBloomz
2015-06-16 12:55:38,311 [Worker-58] INFO  o.e.m.i.launch.MavenLaunchDelegate -  mvn  -B clean
2015-06-16 12:55:47,139 [Worker-57] INFO  o.e.m.i.launch.MavenLaunchDelegate - /Users/Moolya21/Documents/BloomzTest/test-automation/testBloomz
2015-06-16 12:55:47,139 [Worker-57] INFO  o.e.m.i.launch.MavenLaunchDelegate -  mvn  -B install
2015-06-16 12:56:53,368 [Worker-57] INFO  o.e.m.i.launch.MavenLaunchDelegate - /Users/Moolya21/Documents/BloomzTest/test-automation/testBloomz
2015-06-16 12:56:53,399 [Worker-57] INFO  o.e.m.i.launch.MavenLaunchDelegate -  mvn  -B clean
2015-06-16 12:57:00,758 [Worker-57] INFO  o.e.m.i.launch.MavenLaunchDelegate - /Users/Moolya21/Documents/BloomzTest/test-automation/testBloomz
2015-06-16 12:57:00,758 [Worker-57] INFO  o.e.m.i.launch.MavenLaunchDelegate -  mvn  -B install
2015-06-16 12:58:15,310 [Worker-56] INFO  o.e.m.i.launch.MavenLaunchDelegate - /Users/Moolya21/Documents/BloomzTest/test-automation/testBloomz
2015-06-16 12:58:15,333 [Worker-56] INFO  o.e.m.i.launch.MavenLaunchDelegate -  mvn  -B clean
2015-06-16 12:58:30,028 [Worker-50] INFO  o.e.m.i.launch.MavenLaunchDelegate - /Users/Moolya21/Documents/BloomzTest/test-automation/testBloomz
2015-06-16 12:58:30,028 [Worker-50] INFO  o.e.m.i.launch.MavenLaunchDelegate -  mvn  -B install
2015-06-16 13:03:34,793 [Worker-58] INFO  o.e.m.i.launch.MavenLaunchDelegate - /Users/Moolya21/Documents/BloomzTest/test-automation/testBloomz
2015-06-16 13:03:34,833 [Worker-58] INFO  o.e.m.i.launch.MavenLaunchDelegate -  mvn  -B install
2015-06-16 13:05:03,879 [Worker-56] INFO  o.e.m.i.launch.MavenLaunchDelegate - /Users/Moolya21/Documents/BloomzTest/test-automation/testBloomz
2015-06-16 13:05:03,901 [Worker-56] INFO  o.e.m.i.launch.MavenLaunchDelegate -  mvn  -B install
2015-06-16 13:12:39,981 [Worker-61] INFO  o.e.m.i.launch.MavenLaunchDelegate - /Users/Moolya21/Documents/BloomzTest/test-automation/testBloomz
2015-06-16 13:12:40,020 [Worker-61] INFO  o.e.m.i.launch.MavenLaunchDelegate -  mvn  -B install
2015-06-16 13:13:49,750 [Worker-64] INFO  o.e.m.i.launch.MavenLaunchDelegate - /Users/Moolya21/Documents/BloomzTest/test-automation/testBloomz
2015-06-16 13:13:49,774 [Worker-64] INFO  o.e.m.i.launch.MavenLaunchDelegate -  mvn  -B install
2015-06-16 13:15:21,511 [Worker-63] INFO  o.e.m.i.launch.MavenLaunchDelegate - /Users/Moolya21/Documents/BloomzTest/test-automation/testBloomz
2015-06-16 13:15:21,542 [Worker-63] INFO  o.e.m.i.launch.MavenLaunchDelegate -  mvn  -B install
2015-06-16 14:00:18,624 [Worker-75] INFO  o.e.m.i.launch.MavenLaunchDelegate - /Users/Moolya21/Documents/BloomzTest/test-automation/testBloomz
2015-06-16 14:00:18,663 [Worker-75] INFO  o.e.m.i.launch.MavenLaunchDelegate -  mvn  -B clean
2015-06-16 14:00:35,280 [Worker-74] INFO  o.e.m.i.launch.MavenLaunchDelegate - /Users/Moolya21/Documents/BloomzTest/test-automation/testBloomz
2015-06-16 14:00:35,310 [Worker-74] INFO  o.e.m.i.launch.MavenLaunchDelegate -  mvn  -B install
2015-06-16 14:05:01,324 [Worker-76] INFO  o.e.m.i.launch.MavenLaunchDelegate - /Users/Moolya21/Documents/BloomzTest/test-automation/testBloomz
2015-06-16 14:05:01,347 [Worker-76] INFO  o.e.m.i.launch.MavenLaunchDelegate -  mvn  -B install
2015-06-16 14:07:18,297 [Worker-74] INFO  o.e.m.i.launch.MavenLaunchDelegate - /Users/Moolya21/Documents/BloomzTest/test-automation/testBloomz
2015-06-16 14:07:18,322 [Worker-74] INFO  o.e.m.i.launch.MavenLaunchDelegate -  mvn  -B clean
2015-06-16 14:07:23,763 [Worker-79] INFO  o.e.m.i.launch.MavenLaunchDelegate - /Users/Moolya21/Documents/BloomzTest/test-automation/testBloomz
2015-06-16 14:07:23,763 [Worker-79] INFO  o.e.m.i.launch.MavenLaunchDelegate -  mvn  -B install
2015-06-16 18:58:39,663 [Worker-21] INFO  o.e.m.i.launch.MavenLaunchDelegate - /Users/Moolya21/Documents/BloomzTest/test-automation/testBloomz
2015-06-16 18:58:39,715 [Worker-21] INFO  o.e.m.i.launch.MavenLaunchDelegate -  mvn  -B install
2015-06-16 20:51:13,450 [Worker-37] INFO  o.e.m.i.launch.MavenLaunchDelegate - /Users/Moolya21/Documents/BloomzTest/test-automation/testBloomz
2015-06-16 20:51:13,471 [Worker-37] INFO  o.e.m.i.launch.MavenLaunchDelegate -  mvn  -B install
2015-06-16 22:39:31,868 [Worker-54] INFO  o.e.m.i.launch.MavenLaunchDelegate - /Users/Moolya21/Documents/BloomzTest/test-automation/testBloomz
2015-06-16 22:39:31,879 [Worker-54] INFO  o.e.m.i.launch.MavenLaunchDelegate -  mvn  -B install
2015-06-16 22:56:32,747 [Worker-54] INFO  o.e.m.i.launch.MavenLaunchDelegate - /Users/Moolya21/Documents/BloomzTest/test-automation/testBloomz
2015-06-16 22:56:32,780 [Worker-54] INFO  o.e.m.i.launch.MavenLaunchDelegate -  mvn  -B install
2015-06-16 23:05:54,594 [Worker-60] INFO  o.e.m.i.launch.MavenLaunchDelegate - /Users/Moolya21/Documents/BloomzTest/test-automation/testBloomz
2015-06-16 23:05:54,614 [Worker-60] INFO  o.e.m.i.launch.MavenLaunchDelegate -  mvn  -B clean
2015-06-16 23:06:02,389 [Worker-64] INFO  o.e.m.i.launch.MavenLaunchDelegate - /Users/Moolya21/Documents/BloomzTest/test-automation/testBloomz
2015-06-16 23:06:02,389 [Worker-64] INFO  o.e.m.i.launch.MavenLaunchDelegate -  mvn  -B install
